{
  message: 'database connect successful',
  level: 'info',
  service: 'user-service',
  label: 'UMS',
  timestamp: '2023-06-05T10:36:06.684Z'
}
{
  message: 'Example app listening on port 5000',
  level: 'info',
  service: 'user-service',
  label: 'UMS',
  timestamp: '2023-06-05T10:36:06.705Z'
}
{
  message: 'database connect successful',
  level: 'info',
  service: 'user-service',
  label: 'UMS',
  timestamp: '2023-06-05T10:54:16.709Z'
}
{
  message: 'Example app listening on port 5000',
  level: 'info',
  service: 'user-service',
  label: 'UMS',
  timestamp: '2023-06-05T10:54:16.729Z'
}
