{
  message: 'database connect successful',
  level: 'info',
  service: 'user-service',
  label: 'UMS',
  timestamp: '2023-06-13T12:00:32.891Z'
}
{
  message: 'Example app listening on port 5000',
  level: 'info',
  service: 'user-service',
  label: 'UMS',
  timestamp: '2023-06-13T12:00:32.901Z'
}
{
  message: 'database connect successful',
  level: 'info',
  service: 'user-service',
  label: 'UMS',
  timestamp: '2023-06-13T12:27:31.255Z'
}
{
  message: 'Example app listening on port 5000',
  level: 'info',
  service: 'user-service',
  label: 'UMS',
  timestamp: '2023-06-13T12:27:31.264Z'
}
{
  message: 'database connect successful',
  level: 'info',
  service: 'user-service',
  label: 'UMS',
  timestamp: '2023-06-13T12:34:57.292Z'
}
{
  message: 'Example app listening on port 5000',
  level: 'info',
  service: 'user-service',
  label: 'UMS',
  timestamp: '2023-06-13T12:34:57.301Z'
}
