{
  message: 'database connect successful',
  level: 'info',
  service: 'user-service',
  label: 'UMS',
  timestamp: '2023-09-15T04:07:45.619Z'
}
{
  message: 'Example app listening on port 3001',
  level: 'info',
  service: 'user-service',
  label: 'UMS',
  timestamp: '2023-09-15T04:07:45.639Z'
}
{
  message: 'database connect successful',
  level: 'info',
  service: 'user-service',
  label: 'UMS',
  timestamp: '2023-09-15T04:16:23.078Z'
}
{
  message: 'Example app listening on port 3001',
  level: 'info',
  service: 'user-service',
  label: 'UMS',
  timestamp: '2023-09-15T04:16:23.100Z'
}
{
  message: 'database connect successful',
  level: 'info',
  service: 'user-service',
  label: 'UMS',
  timestamp: '2023-09-15T04:39:11.377Z'
}
{
  message: 'Example app listening on port 3001',
  level: 'info',
  service: 'user-service',
  label: 'UMS',
  timestamp: '2023-09-15T04:39:11.402Z'
}
{
  message: 'database connect successful',
  level: 'info',
  service: 'user-service',
  label: 'UMS',
  timestamp: '2023-09-15T04:50:54.859Z'
}
{
  message: 'Example app listening on port 3001',
  level: 'info',
  service: 'user-service',
  label: 'UMS',
  timestamp: '2023-09-15T04:50:54.879Z'
}
{
  message: 'database connect successful',
  level: 'info',
  service: 'user-service',
  label: 'UMS',
  timestamp: '2023-09-15T04:51:24.936Z'
}
{
  message: 'Example app listening on port 3001',
  level: 'info',
  service: 'user-service',
  label: 'UMS',
  timestamp: '2023-09-15T04:51:24.957Z'
}
{
  message: 'database connect successful',
  level: 'info',
  service: 'user-service',
  label: 'UMS',
  timestamp: '2023-09-15T04:51:34.849Z'
}
{
  message: 'Example app listening on port 3001',
  level: 'info',
  service: 'user-service',
  label: 'UMS',
  timestamp: '2023-09-15T04:51:34.869Z'
}
{
  message: 'database connect successful',
  level: 'info',
  service: 'user-service',
  label: 'UMS',
  timestamp: '2023-09-15T04:54:42.844Z'
}
{
  message: 'Example app listening on port 3001',
  level: 'info',
  service: 'user-service',
  label: 'UMS',
  timestamp: '2023-09-15T04:54:42.864Z'
}
