{
  message: 'database connect successful',
  level: 'info',
  service: 'user-service',
  label: 'UMS',
  timestamp: '2023-06-19T04:15:23.826Z'
}
{
  message: 'Example app listening on port 5000',
  level: 'info',
  service: 'user-service',
  label: 'UMS',
  timestamp: '2023-06-19T04:15:23.867Z'
}
{
  message: 'database connect successful',
  level: 'info',
  service: 'user-service',
  label: 'UMS',
  timestamp: '2023-06-19T04:21:10.545Z'
}
{
  message: 'Example app listening on port 5000',
  level: 'info',
  service: 'user-service',
  label: 'UMS',
  timestamp: '2023-06-19T04:21:10.565Z'
}
{
  message: 'database connect successful',
  level: 'info',
  service: 'user-service',
  label: 'UMS',
  timestamp: '2023-06-19T04:21:45.295Z'
}
{
  message: 'Example app listening on port 5000',
  level: 'info',
  service: 'user-service',
  label: 'UMS',
  timestamp: '2023-06-19T04:21:45.313Z'
}
{
  message: 'database connect successful',
  level: 'info',
  service: 'user-service',
  label: 'UMS',
  timestamp: '2023-06-19T04:24:08.453Z'
}
{
  message: 'Example app listening on port 5000',
  level: 'info',
  service: 'user-service',
  label: 'UMS',
  timestamp: '2023-06-19T04:24:08.476Z'
}
{
  message: 'database connect successful',
  level: 'info',
  service: 'user-service',
  label: 'UMS',
  timestamp: '2023-06-19T04:26:44.813Z'
}
{
  message: 'Example app listening on port 5000',
  level: 'info',
  service: 'user-service',
  label: 'UMS',
  timestamp: '2023-06-19T04:26:44.831Z'
}
