{
  message: 'database connect successful',
  level: 'info',
  service: 'user-service',
  label: 'UMS',
  timestamp: '2023-06-06T03:14:30.642Z'
}
{
  message: 'Example app listening on port 5000',
  level: 'info',
  service: 'user-service',
  label: 'UMS',
  timestamp: '2023-06-06T03:14:30.705Z'
}
{
  message: 'database connect successful',
  level: 'info',
  service: 'user-service',
  label: 'UMS',
  timestamp: '2023-06-06T03:30:56.160Z'
}
{
  message: 'Example app listening on port 5000',
  level: 'info',
  service: 'user-service',
  label: 'UMS',
  timestamp: '2023-06-06T03:30:56.177Z'
}
{
  message: 'database connect successful',
  level: 'info',
  service: 'user-service',
  label: 'UMS',
  timestamp: '2023-06-06T03:36:06.926Z'
}
{
  message: 'Example app listening on port 5000',
  level: 'info',
  service: 'user-service',
  label: 'UMS',
  timestamp: '2023-06-06T03:36:06.941Z'
}
{
  message: 'database connect successful',
  level: 'info',
  service: 'user-service',
  label: 'UMS',
  timestamp: '2023-06-06T03:36:30.685Z'
}
{
  message: 'Example app listening on port 5000',
  level: 'info',
  service: 'user-service',
  label: 'UMS',
  timestamp: '2023-06-06T03:36:30.701Z'
}
