{"level":"info","message":"database connect successful","service":"user-service"}
{"level":"info","message":"Example app listening on port 5000","service":"user-service"}
{"level":"info","message":"database connect successful","service":"user-service"}
{"level":"info","message":"Example app listening on port 5000","service":"user-service"}
2023-06-03T04:48:44.855Z [right meow!] info: database connect successful
2023-06-03T04:48:44.865Z [right meow!] info: Example app listening on port 5000
 [right meow!] info: database connect successful 2023-06-03T04:50:38.802Z
 [right meow!] info: Example app listening on port 5000 2023-06-03T04:50:38.815Z
[right meow!] info: database connect successful 2023-06-03T04:50:46.281Z
[right meow!] info: Example app listening on port 5000 2023-06-03T04:50:46.296Z
2023-06-03T04:51:22.612Z [right meow!] info: database connect successful
2023-06-03T04:51:22.628Z [right meow!] info: Example app listening on port 5000
2023-06-03T04:52:44.759Z [UMS] info: database connect successful
2023-06-03T04:52:44.772Z [UMS] info: Example app listening on port 5000
Sat Jun 03 2023 10: 59: 2 [UMS] info: database connect successful
Sat Jun 03 2023 10: 59: 2 [UMS] info: Example app listening on port 5000
{
  message: 'database connect successful',
  level: 'info',
  service: 'user-service',
  label: 'UMS',
  timestamp: '2023-06-03T05:03:12.116Z'
}
{
  message: 'Example app listening on port 5000',
  level: 'info',
  service: 'user-service',
  label: 'UMS',
  timestamp: '2023-06-03T05:03:12.135Z'
}
{
  message: 'database connect successful',
  level: 'info',
  service: 'user-service',
  label: 'UMS',
  timestamp: '2023-06-03T05:05:10.265Z'
}
{
  message: 'Example app listening on port 5000',
  level: 'info',
  service: 'user-service',
  label: 'UMS',
  timestamp: '2023-06-03T05:05:10.292Z'
}
{
  message: 'database connect successful',
  level: 'info',
  service: 'user-service',
  label: 'UMS',
  timestamp: '2023-06-03T05:05:38.522Z'
}
{
  message: 'Example app listening on port 5000',
  level: 'info',
  service: 'user-service',
  label: 'UMS',
  timestamp: '2023-06-03T05:05:38.541Z'
}
